<?xml version="1.0" encoding="UTF-8"?>
<testng-results skipped="0" failed="0" ignored="0" total="4" passed="4">
  <reporter-output>
  </reporter-output>
  <suite name="Default suite" duration-ms="10316" started-at="2018-07-10T04:51:51Z" finished-at="2018-07-10T04:52:01Z">
    <groups>
    </groups>
    <test name="Default test" duration-ms="10316" started-at="2018-07-10T04:51:51Z" finished-at="2018-07-10T04:52:01Z">
      <class name="pomtests.WebOrdersTest">
        <test-method status="PASS" signature="setUp()[pri:0, instance:pomtests.WebOrdersTest@343f4d3d]" name="setUp" is-config="true" duration-ms="4127" started-at="2018-07-10T04:51:51Z" finished-at="2018-07-10T04:51:55Z">
          <reporter-output>
          </reporter-output>
        </test-method> <!-- setUp -->
        <test-method status="PASS" signature="loginPageTest()[pri:0, instance:pomtests.WebOrdersTest@343f4d3d]" name="loginPageTest" duration-ms="1456" started-at="2018-07-10T04:51:55Z" finished-at="2018-07-10T04:51:57Z">
          <reporter-output>
          </reporter-output>
        </test-method> <!-- loginPageTest -->
        <test-method status="PASS" signature="WebOrdersPage()[pri:1, instance:pomtests.WebOrdersTest@343f4d3d]" name="WebOrdersPage" duration-ms="267" started-at="2018-07-10T04:51:57Z" finished-at="2018-07-10T04:51:57Z">
          <reporter-output>
          </reporter-output>
        </test-method> <!-- WebOrdersPage -->
        <test-method status="PASS" signature="verifyProducts()[pri:2, instance:pomtests.WebOrdersTest@343f4d3d]" name="verifyProducts" duration-ms="559" started-at="2018-07-10T04:51:57Z" finished-at="2018-07-10T04:51:57Z">
          <reporter-output>
          </reporter-output>
        </test-method> <!-- verifyProducts -->
        <test-method status="PASS" signature="placeOrder()[pri:3, instance:pomtests.WebOrdersTest@343f4d3d]" name="placeOrder" duration-ms="1774" started-at="2018-07-10T04:51:57Z" finished-at="2018-07-10T04:51:59Z">
          <reporter-output>
          </reporter-output>
        </test-method> <!-- placeOrder -->
        <test-method status="PASS" signature="tearDown()[pri:0, instance:pomtests.WebOrdersTest@343f4d3d]" name="tearDown" is-config="true" duration-ms="2093" started-at="2018-07-10T04:51:59Z" finished-at="2018-07-10T04:52:01Z">
          <reporter-output>
          </reporter-output>
        </test-method> <!-- tearDown -->
      </class> <!-- pomtests.WebOrdersTest -->
    </test> <!-- Default test -->
  </suite> <!-- Default suite -->
</testng-results>
